<?xml version="1.0" encoding="UTF-8"?>
<testsuite xmlns:xsi="http://www.w3.org/2001/XMLSchema-instance" xsi:noNamespaceSchemaLocation="https://maven.apache.org/surefire/maven-surefire-plugin/xsd/surefire-test-report.xsd" name="ConfigParserTest" time="0.061" tests="6" errors="0" skipped="0" failures="0">
  <properties>
[...]
</properties>
  <testcase name="testForSetConfigDataProductionAndGetMethod" classname="ConfigParserTest" time="0.031"/>
  <testcase name="testForSetConfigDataStagingAndGetMethod" classname="ConfigParserTest" time="0.003"/>
  <testcase name="getConfigInputWithStagingConstructorParameter" classname="ConfigParserTest" time="0.003"/>
  <testcase name="testForSetConfigDataDevelopment" classname="ConfigParserTest" time="0.003"/>
  <testcase name="getConfigInputWithEmptyConstructor" classname="ConfigParserTest" time="0.004"/>
  <testcase name="getConfigInputWithConstructor" classname="ConfigParserTest" time="0.003"/>
</testsuite>